c:\users\rj-graphics\source\repos\integraengine\debug\vc141.pdb
c:\users\rj-graphics\source\repos\integraengine\debug\vc141.idb
c:\users\rj-graphics\source\repos\integraengine\debug\source.obj
c:\users\rj-graphics\source\repos\integraengine\debug\gameobject.obj
c:\users\rj-graphics\source\repos\integraengine\debug\game.obj
c:\users\rj-graphics\source\repos\integraengine\debug\entity.obj
c:\users\rj-graphics\source\repos\integraengine\debug\component.obj
c:\users\rj-graphics\source\repos\integraengine\debug\healthcomponent.obj
c:\users\rj-graphics\source\repos\integraengine\debug\character.obj
c:\users\rj-graphics\source\repos\integraengine\debug\scene.obj
c:\users\rj-graphics\source\repos\integraengine\debug\inputhandler.obj
c:\users\rj-graphics\source\repos\integraengine\debug\map.obj
c:\users\rj-graphics\source\repos\integraengine\debug\scenemanager.obj
c:\users\rj-graphics\source\repos\integraengine\debug\state.obj
c:\users\rj-graphics\source\repos\integraengine\debug\statemachine.obj
c:\users\rj-graphics\source\repos\integraengine\debug\integraengine.exe
c:\users\rj-graphics\source\repos\integraengine\debug\integraengine.ilk
c:\users\rj-graphics\source\repos\integraengine\debug\integraengine.pdb
c:\users\rj-graphics\source\repos\integraengine\debug\integraengine.tlog\cl.command.1.tlog
c:\users\rj-graphics\source\repos\integraengine\debug\integraengine.tlog\cl.read.1.tlog
c:\users\rj-graphics\source\repos\integraengine\debug\integraengine.tlog\cl.write.1.tlog
c:\users\rj-graphics\source\repos\integraengine\debug\integraengine.tlog\link.command.1.tlog
c:\users\rj-graphics\source\repos\integraengine\debug\integraengine.tlog\link.read.1.tlog
c:\users\rj-graphics\source\repos\integraengine\debug\integraengine.tlog\link.write.1.tlog
